0 info it worked if it ends with ok
1 verbose cli [ 'c:\\Program Files\\nodejs\\node.exe',
1 verbose cli   'c:\\Program Files\\nodejs\\node_modules\\npm\\bin\\npm-cli.js',
1 verbose cli   'install',
1 verbose cli   'body' ]
2 info using npm@1.4.28
3 info using node@v0.10.32
4 warn package.json botron-page@1.0.0 No description
5 warn package.json botron-page@1.0.0 No repository field.
6 warn package.json botron-page@1.0.0 No README data
7 verbose readDependencies using package.json deps
8 verbose cache add [ 'body@^5.0.0', null ]
9 verbose cache add name=undefined spec="body@^5.0.0" args=["body@^5.0.0",null]
10 verbose parsed url { protocol: null,
10 verbose parsed url   slashes: null,
10 verbose parsed url   auth: null,
10 verbose parsed url   host: null,
10 verbose parsed url   port: null,
10 verbose parsed url   hostname: null,
10 verbose parsed url   hash: null,
10 verbose parsed url   search: null,
10 verbose parsed url   query: null,
10 verbose parsed url   pathname: 'body@^5.0.0',
10 verbose parsed url   path: 'body@^5.0.0',
10 verbose parsed url   href: 'body@^5.0.0' }
11 verbose cache add name="body" spec="^5.0.0" args=["body","^5.0.0"]
12 verbose parsed url { protocol: null,
12 verbose parsed url   slashes: null,
12 verbose parsed url   auth: null,
12 verbose parsed url   host: null,
12 verbose parsed url   port: null,
12 verbose parsed url   hostname: null,
12 verbose parsed url   hash: null,
12 verbose parsed url   search: null,
12 verbose parsed url   query: null,
12 verbose parsed url   pathname: '^5.0.0',
12 verbose parsed url   path: '^5.0.0',
12 verbose parsed url   href: '^5.0.0' }
13 verbose addNamed [ 'body', '^5.0.0' ]
14 verbose addNamed [ null, '>=5.0.0-0 <6.0.0-0' ]
15 silly lockFile ed73d32e-body-5-0-0 body@^5.0.0
16 verbose lock body@^5.0.0 C:\Users\i312934\AppData\Roaming\npm-cache\ed73d32e-body-5-0-0.lock
17 silly addNameRange { name: 'body', range: '>=5.0.0-0 <6.0.0-0', hasData: false }
18 verbose request where is /body
19 verbose request registry https://registry.npmjs.org/
20 verbose request id 2bdef2fabb972e1b
21 verbose url raw /body
22 verbose url resolving [ 'https://registry.npmjs.org/', './body' ]
23 verbose url resolved https://registry.npmjs.org/body
24 verbose request where is https://registry.npmjs.org/body
25 info trying registry request attempt 1 at 08:52:06
26 http GET https://registry.npmjs.org/body
27 info retry will retry, error on last attempt: Error: tunneling socket could not be established, cause=getaddrinfo ENOTFOUND
28 info trying registry request attempt 2 at 08:52:18
29 http GET https://registry.npmjs.org/body
30 info retry will retry, error on last attempt: Error: tunneling socket could not be established, cause=getaddrinfo ENOTFOUND
31 info trying registry request attempt 3 at 08:53:21
32 http GET https://registry.npmjs.org/body
33 silly lockFile ed73d32e-body-5-0-0 body@^5.0.0
34 silly lockFile ed73d32e-body-5-0-0 body@^5.0.0
35 error network tunneling socket could not be established, cause=getaddrinfo ENOTFOUND
35 error network This is most likely not a problem with npm itself
35 error network and is related to network connectivity.
35 error network In most cases you are behind a proxy or have bad network settings.
35 error network
35 error network If you are behind a proxy, please make sure that the
35 error network 'proxy' config is set properly.  See: 'npm help config'
36 error System Windows_NT 6.1.7601
37 error command "c:\\Program Files\\nodejs\\node.exe" "c:\\Program Files\\nodejs\\node_modules\\npm\\bin\\npm-cli.js" "install" "body"
38 error cwd c:\Users\i312934\git\Playground\botron-page
39 error node -v v0.10.32
40 error npm -v 1.4.28
41 error code ECONNRESET
42 verbose exit [ 1, true ]
